<?xml version="1.0" encoding="UTF-8"?>
<!-- Generated by org.testng.reporters.JUnitReportReporter -->
<testsuite hostname="DESKTOP-J5TRUJL" failures="0" tests="1" name="datadrivenreadexcle.Readexclefile1" time="0.000" errors="0" timestamp="2024-03-13T14:38:55 IST" skipped="1">
  <testcase classname="datadrivenreadexcle.Readexclefile1" name="Linkedin" time="0.000">
    <skipped/>
  </testcase> <!-- Linkedin -->
  <system-out/>
</testsuite> <!-- datadrivenreadexcle.Readexclefile1 -->
